SampleProject/app/build/intermediates/manifest_merge_blame_file/debug/manifest-merger-blame-debug-report.txt
1<?xml version="1.0" encoding="utf-8"?>
2<manifest xmlns:android="http://schemas.android.com/apk/res/android"
3    package="com.example.sampleproject"
4    android:versionCode="1"
5    android:versionName="1.0" >
6
7    <uses-sdk
8        android:minSdkVersion="16"
8-->src\main\AndroidManifest.xml
9        android:targetSdkVersion="30" />
9-->src\main\AndroidManifest.xml
10
11    <application
11-->src\main\AndroidManifest.xml:5:5-52:19
12        android:allowBackup="true"
12-->src\main\AndroidManifest.xml:6:9-35
13        android:appComponentFactory="androidx.core.app.CoreComponentFactory"
13-->[androidx.core:core:1.3.1] AndroidManifest.xml:24:18-86
14        android:debuggable="true"
15        android:icon="@mipmap/placeholdericon"
15-->src\main\AndroidManifest.xml:7:9-47
16        android:label="@string/app_name"
16-->src\main\AndroidManifest.xml:8:9-41
17        android:roundIcon="@mipmap/steps_round"
17-->src\main\AndroidManifest.xml:9:9-48
18        android:supportsRtl="true"
18-->src\main\AndroidManifest.xml:10:9-35
19        android:testOnly="true"
20        android:theme="@style/AwesomeTheme" >
20-->src\main\AndroidManifest.xml:11:9-44
21        <activity
21-->src\main\AndroidManifest.xml:12:9-14:20
22            android:name="com.example.sampleproject.ViewScores"
22-->src\main\AndroidManifest.xml:12:19-45
23            android:theme="@style/AppTheme.NoActionBar" >
23-->src\main\AndroidManifest.xml:13:13-56
24        </activity>
25        <activity android:name="com.example.sampleproject.UserInfo" />
25-->src\main\AndroidManifest.xml:15:9-46
25-->src\main\AndroidManifest.xml:15:19-43
26        <activity
26-->src\main\AndroidManifest.xml:16:9-17:58
27            android:name="com.example.sampleproject.LevelGrid"
27-->src\main\AndroidManifest.xml:16:19-44
28            android:theme="@style/AppTheme.NoActionBar" />
28-->src\main\AndroidManifest.xml:17:13-56
29        <activity
29-->src\main\AndroidManifest.xml:18:9-19:58
30            android:name="com.example.sampleproject.ReactionGraph"
30-->src\main\AndroidManifest.xml:18:19-48
31            android:theme="@style/AppTheme.NoActionBar" />
31-->src\main\AndroidManifest.xml:19:13-56
32        <activity
32-->src\main\AndroidManifest.xml:20:9-21:58
33            android:name="com.example.sampleproject.ReactionTap"
33-->src\main\AndroidManifest.xml:20:19-46
34            android:theme="@style/AppTheme.NoActionBar" />
34-->src\main\AndroidManifest.xml:21:13-56
35        <activity
35-->src\main\AndroidManifest.xml:22:9-24:59
36            android:name="com.example.sampleproject.NameThatSong"
36-->src\main\AndroidManifest.xml:23:13-41
37            android:theme="@style/AppTheme.NoActionBar" />
37-->src\main\AndroidManifest.xml:24:13-56
38        <activity
38-->src\main\AndroidManifest.xml:25:9-26:58
39            android:name="com.example.sampleproject.HangMan"
39-->src\main\AndroidManifest.xml:25:19-42
40            android:theme="@style/AppTheme.NoActionBar" />
40-->src\main\AndroidManifest.xml:26:13-56
41        <activity
41-->src\main\AndroidManifest.xml:27:9-29:59
42            android:name="com.example.sampleproject.SimonSays"
42-->src\main\AndroidManifest.xml:28:13-38
43            android:theme="@style/AppTheme.NoActionBar" />
43-->src\main\AndroidManifest.xml:29:13-56
44        <activity
44-->src\main\AndroidManifest.xml:30:9-32:59
45            android:name="com.example.sampleproject.LevelList"
45-->src\main\AndroidManifest.xml:31:13-38
46            android:theme="@style/AppTheme.NoActionBar" />
46-->src\main\AndroidManifest.xml:32:13-56
47        <activity
47-->src\main\AndroidManifest.xml:33:9-35:59
48            android:name="com.example.sampleproject.TicTacToe"
48-->src\main\AndroidManifest.xml:34:13-38
49            android:theme="@style/AppTheme.NoActionBar" />
49-->src\main\AndroidManifest.xml:35:13-56
50        <activity
50-->src\main\AndroidManifest.xml:36:9-38:59
51            android:name="com.example.sampleproject.Level2"
51-->src\main\AndroidManifest.xml:37:13-35
52            android:theme="@style/AppTheme.NoActionBar" />
52-->src\main\AndroidManifest.xml:38:13-56
53        <activity
53-->src\main\AndroidManifest.xml:39:9-41:59
54            android:name="com.example.sampleproject.TapTorial"
54-->src\main\AndroidManifest.xml:40:13-38
55            android:theme="@style/AppTheme.NoActionBar" /> <!-- &gt;>>>>>> cc93c6a08847bf228b513cf76000f5cfc55fef52 -->
55-->src\main\AndroidManifest.xml:41:13-56
56        <activity
56-->src\main\AndroidManifest.xml:42:9-49:20
57            android:name="com.example.sampleproject.SplashActivity"
57-->src\main\AndroidManifest.xml:42:19-49
58            android:theme="@style/AppTheme.NoActionBar" >
58-->src\main\AndroidManifest.xml:43:13-56
59            <intent-filter>
59-->src\main\AndroidManifest.xml:44:13-48:29
60                <action android:name="android.intent.action.MAIN" />
60-->src\main\AndroidManifest.xml:45:17-69
60-->src\main\AndroidManifest.xml:45:25-66
61
62                <category android:name="android.intent.category.LAUNCHER" />
62-->src\main\AndroidManifest.xml:47:17-77
62-->src\main\AndroidManifest.xml:47:27-74
63            </intent-filter>
64        </activity>
65        <activity
65-->src\main\AndroidManifest.xml:50:9-51:58
66            android:name="com.example.sampleproject.MainActivity"
66-->src\main\AndroidManifest.xml:50:19-47
67            android:theme="@style/AppTheme.NoActionBar" />
67-->src\main\AndroidManifest.xml:51:13-56
68    </application>
69
70</manifest>